<?xml version="1.0" encoding="UTF-8"?>
<!-- Generated by org.testng.reporters.JUnitReportReporter -->
<testsuite skipped="0" hostname="Usuario-PC" name="test.NewTest" tests="1" failures="0" timestamp="17 ago 2018 08:11:16 GMT" time="0.090" errors="0">
  <testcase name="f" time="0.090" classname="test.NewTest"/>
</testsuite> <!-- test.NewTest -->
