<?xml version="1.0" encoding="UTF-8"?>
<!-- Generated by org.testng.reporters.JUnitReportReporter -->
<testsuite skipped="1" hostname="Usuario-PC" name="testCases.TC2" tests="1" failures="0" timestamp="20 ago 2018 21:18:02 GMT" time="0.000" errors="0">
  <testcase name="testTC2" time="0.000" classname="testCases.TC2">
    <skipped/>
  </testcase> <!-- testTC2 -->
</testsuite> <!-- testCases.TC2 -->
