<?xml version="1.0" encoding="UTF-8"?>
<!-- Generated by org.testng.reporters.JUnitReportReporter -->
<testsuite skipped="0" hostname="Usuario-PC" name="testCases.TC1" tests="1" failures="0" timestamp="20 ago 2018 06:37:50 GMT" time="33.936" errors="0">
  <testcase name="testTC1" time="33.936" classname="testCases.TC1"/>
</testsuite> <!-- testCases.TC1 -->
